0 info it worked if it ends with ok
1 verbose cli [ '/usr/local/bin/node', '/usr/local/bin/npm', 'run', 'dev' ]
2 info using npm@3.10.3
3 info using node@v5.10.1
4 verbose run-script [ 'predev', 'dev', 'postdev' ]
5 info lifecycle guestlist@~predev: guestlist@
6 silly lifecycle guestlist@~predev: no script for predev, continuing
7 info lifecycle guestlist@~dev: guestlist@
8 verbose lifecycle guestlist@~dev: unsafe-perm in lifecycle true
9 verbose lifecycle guestlist@~dev: PATH: /usr/local/lib/node_modules/npm/bin/node-gyp-bin:/var/www/node/guestlist/node_modules/.bin:/usr/local/bin:/home/aviemet/.dnx/runtimes/dnx-mono.1.0.0-rc1-update2/bin:/home/aviemet/.dnx/bin:/home/aviemet/.rvm/gems/ruby-2.2.1/bin:/home/aviemet/.rvm/gems/ruby-2.2.1@global/bin:/home/aviemet/.rvm/rubies/ruby-2.2.1/bin:/usr/local/heroku/bin:/usr/local/sbin:/usr/local/bin:/usr/sbin:/usr/bin:/sbin:/bin:/usr/games:/usr/local/games:/home/aviemet/.rvm/bin:/home/aviemet/.rvm/bin
10 verbose lifecycle guestlist@~dev: CWD: /var/www/node/guestlist
11 silly lifecycle guestlist@~dev: Args: [ '-c', 'ROOT_URL=http://aviemet.dyndns.org:3000 meteor' ]
12 silly lifecycle guestlist@~dev: Returned: code: 254  signal: null
13 info lifecycle guestlist@~dev: Failed to exec dev script
14 verbose stack Error: guestlist@ dev: `ROOT_URL=http://aviemet.dyndns.org:3000 meteor`
14 verbose stack Exit status 254
14 verbose stack     at EventEmitter.<anonymous> (/usr/local/lib/node_modules/npm/lib/utils/lifecycle.js:242:16)
14 verbose stack     at emitTwo (events.js:100:13)
14 verbose stack     at EventEmitter.emit (events.js:185:7)
14 verbose stack     at ChildProcess.<anonymous> (/usr/local/lib/node_modules/npm/lib/utils/spawn.js:40:14)
14 verbose stack     at emitTwo (events.js:100:13)
14 verbose stack     at ChildProcess.emit (events.js:185:7)
14 verbose stack     at maybeClose (internal/child_process.js:850:16)
14 verbose stack     at Process.ChildProcess._handle.onexit (internal/child_process.js:215:5)
15 verbose pkgid guestlist@
16 verbose cwd /var/www/node/guestlist
17 error Linux 3.13.0-96-generic
18 error argv "/usr/local/bin/node" "/usr/local/bin/npm" "run" "dev"
19 error node v5.10.1
20 error npm  v3.10.3
21 error code ELIFECYCLE
22 error guestlist@ dev: `ROOT_URL=http://aviemet.dyndns.org:3000 meteor`
22 error Exit status 254
23 error Failed at the guestlist@ dev script 'ROOT_URL=http://aviemet.dyndns.org:3000 meteor'.
23 error Make sure you have the latest version of node.js and npm installed.
23 error If you do, this is most likely a problem with the guestlist package,
23 error not with npm itself.
23 error Tell the author that this fails on your system:
23 error     ROOT_URL=http://aviemet.dyndns.org:3000 meteor
23 error You can get information on how to open an issue for this project with:
23 error     npm bugs guestlist
23 error Or if that isn't available, you can get their info via:
23 error     npm owner ls guestlist
23 error There is likely additional logging output above.
24 verbose exit [ 1, true ]
